
         ==============================
         S N O P T  7.7.7    (Feb 2021)
         ==============================
1

 SNMEMA EXIT 100 -- finished successfully
 SNMEMA INFO 104 -- memory requirements estimated
1

1



 The user has defined    4981   out of    4981   first  derivatives

 Verification of user-supplied problem derivatives.

 The constraint gradients seem to be OK.

 -->  The largest discrepancy was    4.28E-09  in constraint   165


 The objective  gradients seem to be OK.

 Gradient projected in one direction  -1.66929533022E+01
 Difference approximation             -1.66929375095E+01


      j       x(j)        dx(j)           g(j)         Difference approxn

      1  7.71865513E-03  5.52E-07   -3.43041471E+01   -3.43040643E+01  ok
      2  2.19805289E-01  6.68E-07   -1.53130742E+01   -1.53129740E+01  ok
      3 -7.42258076E-04  5.48E-07   -3.28624468E+01   -3.28623645E+01  ok
      4  2.24906280E-02  5.60E-07    1.24938282E+01    1.24939123E+01  ok
      5  1.90716125E-02  5.58E-07   -3.43605845E+01   -3.43605008E+01  ok
      6  3.11404720E-01  7.18E-07    1.17593402E+01    1.17594479E+01  ok
      7  3.92356228E-04  5.48E-07   -3.23705537E+01   -3.23704714E+01  ok
      8  3.05929193E-02  5.64E-07    1.10987151E+01    1.10987998E+01  ok
      9  3.23129386E-02  5.65E-07   -3.38656984E+01   -3.38656136E+01  ok
     10  3.07577196E-01  7.16E-07    1.03032225E+01    1.03033300E+01  ok
     11  1.70790680E-03  5.49E-07   -3.19311353E+01   -3.19310530E+01  ok
     12  3.09077740E-02  5.65E-07    9.72227093E+00    9.72235563E+00  ok
     13  4.48083000E-02  5.72E-07   -2.24039510E+02   -2.24038937E+02  ok
     14  2.76387732E-01  6.99E-07    4.77124177E+00    4.77194092E+00  ok
     15  2.41459927E-03  5.49E-07   -2.11402014E+02   -2.11401465E+02  ok
     16  1.97537499E-03  5.49E-07    4.49975143E+00    4.50030029E+00  ok
     17 -1.47200000E-01  6.28E-07   -1.47200000E-02   -1.47199578E-02  ok
     18 -1.65151722E-02  5.57E-07   -1.65151722E-03   -1.65148562E-03  ok
     19 -4.99274422E-02  5.75E-07   -4.99274422E-03   -4.99272020E-03  ok
     20 -5.77640023E-03  5.51E-07   -5.77640023E-04   -5.77611131E-04  ok
     21  2.83019411E-02  5.63E-07    2.83019411E-03    2.83021567E-03  ok
     22  8.29094685E-04  5.48E-07    8.29094685E-05    8.29274722E-05  ok
     23  6.00785603E-02  5.81E-07    6.00785603E-03    6.00789277E-03  ok
     24  2.20508255E-02  5.60E-07    2.20508255E-03    2.20509061E-03  ok
     41  0.00000000E+00  5.48E-07    0.00000000E+00    8.21608163E-04  bad?

 XXX  There seem to be     1  incorrect objective gradients in cols     1  thru    41

 -->  The largest relative error was    8.22E-04   in column    41

1

1

 SNOPTA EXIT   0 -- finished successfully
 SNOPTA INFO   3 -- requested accuracy could not be achieved

 Problem name                    snopt
 No. of iterations                  30   Objective            8.0370032441E+02
 No. of major iterations             6   Linear    obj. term  0.0000000000E+00
 Penalty parameter           8.163E+00   Nonlinear obj. term  8.0370032441E+02
 User function calls (total)        51
 No. of superbasics                 10   No. of basic nonlinears            31
 No. of degenerate steps             8   Percentage                      26.67
 Max x                      41 7.6E-01   Max pi                      1 3.1E+03
 Max Primal infeas         164 3.1E-04   Max Dual infeas           166 1.6E+03
 Nonlinear constraint violn    3.1E-04
1

 Name              snopt                 Objective Value      8.0370032441E+02

 Status         Optimal Soln             Iteration     30    Superbasics    10

 Objective               (Min)
 RHS
 Ranges
 Bounds

 Section 1 - Constraints

  Number  ...Row.. State  ...Value......  Slack Value...  ..Lower Limit.  ..Upper Limit.  .Dual Variable    ..i

      42  r      1    BS          .               .                None            None           .           1
      43  r      2    EQ        -0.00312        -0.00000        -0.00312        -0.00312     -3071.04531      2
      44  r      3    EQ        -0.00346         0.00000        -0.00346        -0.00346        60.00072      3
      45  r      4    EQ         0.00126         0.00000         0.00126         0.00126      2890.43189      4
      46  r      5    EQ         0.00178         0.00000         0.00178         0.00178       -55.84024      5
      47  r      6    EQ         0.00000         0.00000          .               .          -1985.46534      6
      48  r      7    EQ         0.00000         0.00000          .               .             87.18356      7
      49  r      8    EQ        -0.00000        -0.00000          .               .           2026.21095      8
      50  r      9    EQ        -0.00000        -0.00000          .               .            -99.35364      9
      51  r     10    EQ         0.00000         0.00000          .               .          -2138.18302     10
      52  r     11    EQ        -0.00000        -0.00000          .               .            123.90320     11
      53  r     12    EQ         0.00000         0.00000          .               .           2129.88536     12
      54  r     13    EQ         0.00000         0.00000          .               .           -136.46155     13
      55  r     14    EQ         0.00000         0.00000          .               .          -2354.59465     14
      56  r     15    EQ          .               .               .               .            170.36351     15
      57  r     16    EQ        -0.00000        -0.00000          .               .           2298.75540     16
      58  r     17    EQ         0.00000         0.00000          .               .           -182.97903     17
      59  r     18 A  EQ        -0.00000        -0.00000          .               .             -6.93368     18
      60  r     19 A  EQ         0.00000         0.00000          .               .              8.29077     19
      61  r     20    EQ        -0.00000        -0.00000          .               .             65.66979     20
      62  r     21    EQ         0.00000         0.00000          .               .            -81.48238     21
      63  r     22    EQ         0.00000         0.00000          .               .            116.01023     22
      64  r     23    EQ         0.00000         0.00000          .               .           -132.90282     23
      65  r     24    EQ         0.00000         0.00000          .               .            178.06661     24
      66  r     25    EQ         0.00000         0.00000          .               .           -195.67503     25
      67  r     26 A  EQ         1.0              .              1.0             1.0            -1.29700     26
      68  r     27 A  EQ         1.00000         0.00000         1.0             1.0            -0.63069     27
      69  r     28    EQ         1.0              .              1.0             1.0            41.99000     28
      70  r     29 A  EQ         1.0              .              1.0             1.0            17.50657     29
      71  r     30    BS         0.00536        -0.13819           None          0.14354          .          30
      72  r     31    BS         0.03385        -0.10969           None          0.14354          .          31
      73  r     32    BS        -0.00649        -0.15003           None          0.14354          .          32
      74  r     33    BS         0.00228        -0.14126           None          0.14354          .          33
      75  r     34    BS         0.02565        -0.11789           None          0.14354          .          34
      76  r     35    BS        -0.04094        -0.18448           None          0.14354          .          35
      77  r     36    BS        -0.00536        -0.14890           None          0.14354          .          36
      78  r     37    BS        -0.03385        -0.17739           None          0.14354          .          37
      79  r     38    BS         0.00649        -0.13705           None          0.14354          .          38
      80  r     39    BS        -0.00228        -0.14582           None          0.14354          .          39
      81  r     40    BS        -0.02565        -0.16919           None          0.14354          .          40
      82  r     41    BS         0.04094        -0.10260           None          0.14354          .          41
      83  r     42    BS         0.00525      -999.99475           None       1000.00000          .          42
      84  r     43    BS         0.10402      -999.89598           None       1000.00000          .          43
      85  r     44    BS         0.00110      -999.99890           None       1000.00000          .          44
      86  r     45    BS         0.10907      -999.89093           None       1000.00000          .          45
      87  r     46    BS         0.00994      -999.99006           None       1000.00000          .          46
      88  r     47    BS         0.11514      -999.88486           None       1000.00000          .          47
      89  r     48    BS         0.00690      -999.99310           None       1000.00000          .          48
      90  r     49    BS         0.16223      -999.83777           None       1000.00000          .          49
      91  r     50    BS         0.01474      -999.98526           None       1000.00000          .          50
      92  r     51    BS         0.10920      -999.89080           None       1000.00000          .          51
      93  r     52    BS         0.01402      -999.98598           None       1000.00000          .          52
      94  r     53    BS         0.17066      -999.82934           None       1000.00000          .          53
      95  r     54    BS         0.02029      -999.97971           None       1000.00000          .          54
      96  r     55    BS         0.15031      -999.84969           None       1000.00000          .          55
      97  r     56    BS         0.02015      -999.97985           None       1000.00000          .          56
      98  r     57    BS         0.11582      -999.88418           None       1000.00000          .          57
      99  r     58    BS        -0.00525     -1000.00525           None       1000.00000          .          58
     100  r     59    BS        -0.10402     -1000.10402           None       1000.00000          .          59
     101  r     60    BS        -0.00110     -1000.00110           None       1000.00000          .          60
     102  r     61    BS        -0.10907     -1000.10907           None       1000.00000          .          61
     103  r     62    BS        -0.00994     -1000.00994           None       1000.00000          .          62
     104  r     63    BS        -0.11514     -1000.11514           None       1000.00000          .          63
     105  r     64    BS        -0.00690     -1000.00690           None       1000.00000          .          64
     106  r     65    BS        -0.16223     -1000.16223           None       1000.00000          .          65
     107  r     66    BS        -0.01474     -1000.01474           None       1000.00000          .          66
     108  r     67    BS        -0.10920     -1000.10920           None       1000.00000          .          67
     109  r     68    BS        -0.01402     -1000.01402           None       1000.00000          .          68
     110  r     69    BS        -0.17066     -1000.17066           None       1000.00000          .          69
     111  r     70    BS        -0.02029     -1000.02029           None       1000.00000          .          70
     112  r     71    BS        -0.15031     -1000.15031           None       1000.00000          .          71
     113  r     72    BS        -0.02015     -1000.02015           None       1000.00000          .          72
     114  r     73    BS        -0.11582     -1000.11582           None       1000.00000          .          73
     115  r     74    BS        -0.06842     -1000.06842           None       1000.00000          .          74
     116  r     75    BS        -0.07542     -1000.07542           None       1000.00000          .          75
     117  r     76    BS        -0.00010     -1000.00010           None       1000.00000          .          76
     118  r     77    BS        -0.03275     -1000.03275           None       1000.00000          .          77
     119  r     78    BS         0.01643      -999.98357           None       1000.00000          .          78
     120  r     79    BS         0.00462      -999.99538           None       1000.00000          .          79
     121  r     80    BS        -0.01091     -1000.01091           None       1000.00000          .          80
     122  r     81    BS         0.05496      -999.94504           None       1000.00000          .          81
     123  r     82    BS         0.06842      -999.93158           None       1000.00000          .          82
     124  r     83    BS         0.07542      -999.92458           None       1000.00000          .          83
     125  r     84    BS         0.00010      -999.99990           None       1000.00000          .          84
     126  r     85    BS         0.03275      -999.96725           None       1000.00000          .          85
     127  r     86    BS        -0.01643     -1000.01643           None       1000.00000          .          86
     128  r     87    BS        -0.00462     -1000.00462           None       1000.00000          .          87
     129  r     88    BS         0.01091      -999.98909           None       1000.00000          .          88
     130  r     89    BS        -0.05496     -1000.05496           None       1000.00000          .          89
     131  r     90    BS        -0.20136        -0.20136           None           .               .          90
     132  r     91    BS        -0.01389        -0.01389           None           .               .          91
     133  r     92    BS        -0.58434        -0.58434           None           .               .          92
     134  r     93    BS        -0.20041        -0.20041           None           .               .          93
     135  r     94    BS        -0.25576        -0.25576           None           .               .          94
     136  r     95    BS        -0.14615        -0.14615           None           .               .          95
     137  r     96    BS        -0.36828        -0.36828           None           .               .          96
     138  r     97    BS        -0.22981        -0.22981           None           .               .          97
     139  r     98    BS        -0.21603        -0.21603           None           .               .          98
     140  r     99    BS        -0.23105        -0.23105           None           .               .          99
     141  r    100    BS        -0.26648        -0.26648           None           .               .         100
     142  r    101    BS        -0.28643        -0.28643           None           .               .         101
     143  r    102 N  FR        -0.06620        -0.06620           None           .            -46.50267    102
     144  r    103    BS        -0.30618        -0.30618           None           .               .         103
     145  r    104    BS        -0.22563        -0.22563           None           .               .         104
     146  r    105    BS        -0.40199        -0.40199           None           .               .         105
     147  r    106    BS         0.20136        -0.79864           None          1.0              .         106
     148  r    107    BS         0.01389        -0.98611           None          1.0              .         107
     149  r    108    BS         0.58434        -0.41566           None          1.0              .         108
     150  r    109    BS         0.20041        -0.79959           None          1.0              .         109
     151  r    110    BS         0.25576        -0.74424           None          1.0              .         110
     152  r    111    BS         0.14615        -0.85385           None          1.0              .         111
     153  r    112    BS         0.36828        -0.63172           None          1.0              .         112
     154  r    113    BS         0.22981        -0.77019           None          1.0              .         113
     155  r    114    BS         0.21603        -0.78397           None          1.0              .         114
     156  r    115    BS         0.23105        -0.76895           None          1.0              .         115
     157  r    116    BS         0.26648        -0.73352           None          1.0              .         116
     158  r    117    BS         0.28643        -0.71357           None          1.0              .         117
     159  r    118    BS         0.06620        -0.93380           None          1.0              .         118
     160  r    119    BS         0.30618        -0.69382           None          1.0              .         119
     161  r    120    BS         0.22563        -0.77437           None          1.0              .         120
     162  r    121    BS         0.40199        -0.59801           None          1.0              .         121
     163  r    122    LL         1.90000         0.00000         1.90000           None        702.09383    122
     164  r    123 D  BS         1.89969        -0.00031         1.90000           None           .         123
     165  r    124 D  BS         1.90105         0.00105         1.90000           None           .         124
     166  r    125    LL         1.90000         0.00000         1.90000           None       1583.39966    125
     167  r    126 N  BS         0.10402        -0.24598        -0.35000         0.35000          .         126
     168  r    127    BS         0.11514        -0.23486        -0.35000         0.35000          .         127
     169  r    128    BS         0.10920        -0.24080        -0.35000         0.35000          .         128
     170  r    129    BS         0.15031        -0.19969        -0.35000         0.35000          .         129
     171  r    130    BS         0.10907        -0.24093        -0.35000         0.35000          .         130
     172  r    131    BS         0.16223        -0.18777        -0.35000         0.35000          .         131
     173  r    132    BS         0.17066        -0.17934        -0.35000         0.35000          .         132
     174  r    133    BS         0.11582        -0.23418        -0.35000         0.35000          .         133
1

 Section 2 - Variables

  Number  .Column. State  ...Value......  .Obj Gradient.  ..Lower Limit.  ..Upper Limit.  .Dual Variable    m+j

       1  x      1    BS         0.00525       -35.04328           None            None         -0.48791    134
       2  x      2    BS         0.10402       -50.04975           None            None          6.30587    135
       3  x      3    BS         0.00110       -32.30976           None            None          0.30262    136
       4  x      4    BS         0.10907        38.46800           None            None         -2.94678    137
       5  x      5    BS         0.00994       -37.09956           None            None          0.38013    138
       6  x      6    BS         0.11514       -47.11995           None            None          5.18584    139
       7  x      7    BS         0.00690       -30.41901           None            None         -0.13829    140
       8  x      8    BS         0.16223        50.58985           None            None         -0.57440    141
       9  x      9    BS         0.01474       -39.13718           None            None          0.51942    142
      10  x     10    BS         0.10920       -49.20968           None            None          1.30516    143
      11  x     11    BS         0.01402       -28.23826           None            None         -0.06532    144
      12  x     12    BS         0.17066        51.64703           None            None          4.01001    145
      13  x     13    BS         0.02029      -273.08005           None            None         -0.14339    146
      14  x     14    BS         0.15031      -247.37992           None            None        -77.01641    147
      15  x     15    BS         0.02015      -175.92740           None            None          0.59139    148
      16  x     16    BS         0.11582       232.19579           None            None         49.21676    149
      17  x     17    BS        -0.06842        -0.00684           None            None         -0.92979    150
      18  x     18    BS        -0.07542        -0.00754           None            None          0.02474    151
      19  x     19    BS        -0.00010        -0.00001           None            None          0.37554    152
      20  x     20    BS        -0.03275        -0.00327           None            None         -1.17895    153
      21  x     21    BS         0.01643         0.00164           None            None         -0.77060    154
      22  x     22    BS         0.00462         0.00046           None            None         -1.05184    155
      23  x     23    BS        -0.01091        -0.00109           None            None         -1.31266    156
      24  x     24    BS         0.05496         0.00550           None            None         -1.36246    157
      25  x     25    BS         0.20136          .                None            None         -1.31447    158
      26  x     26   SBS         0.01389          .                None            None          0.87429    159
      27  x     27    BS         0.58434          .                None            None          1.22326    160
      28  x     28   SBS         0.20041          .                None            None          3.41202    161
      29  x     29   SBS         0.25576          .                None            None         25.75492    162
      30  x     30   SBS         0.14615          .                None            None          4.24357    163
      31  x     31    BS         0.36828          .                None            None          1.71977    164
      32  x     32   SBS         0.22981          .                None            None        -19.79158    165
      33  x     33    BS         0.21603          .                None            None          0.93621    166
      34  x     34 N SBS         0.23105          .                None            None        -34.15014    167
      35  x     35 N SBS         0.26648          .                None            None        -41.52353    168
      36  x     36 N SBS         0.28643          .                None            None        -76.60988    169
      37  x     37    BS         0.06620          .                None            None          0.78084    170
      38  x     38    BS         0.30618          .                None            None         -4.37470    171
      39  x     39   SBS         0.22563          .                None            None        -17.88887    172
      40  x     40 N SBS         0.40199          .                None            None        -69.54708    173
      41  x     41    BS         0.76247      2287.42333           None            None          1.92984    174

 Time for MPS input                             0.00 seconds
 Time for solving problem                       0.04 seconds
 Time for solution output                       0.00 seconds
 Time for constraint functions                  0.04 seconds
 Time for objective function                    0.00 seconds
